0 info it worked if it ends with ok
1 verbose cli [ '/usr/local/Cellar/node/5.3.0/bin/node',
1 verbose cli   '/usr/local/bin/npm',
1 verbose cli   'start' ]
2 info using npm@3.8.3
3 info using node@v5.3.0
4 verbose run-script [ 'prestart', 'start', 'poststart' ]
5 info lifecycle @~prestart: @
6 verbose lifecycle @~prestart: unsafe-perm in lifecycle true
7 verbose lifecycle @~prestart: PATH: /usr/local/lib/node_modules/npm/bin/node-gyp-bin:/Users/derzyklop/BitTorrent Sync/S/gutesache.pxwrk.de/node_modules/.bin:/usr/local/Cellar/node/5.3.0/bin:/usr/local/bin:/Users/derzyklop/.dotfiles/bin:/usr/local/sbin:/usr/local/bin:/usr/bin:/bin:/usr/sbin:/sbin:/usr/local/MacGPG2/bin
8 verbose lifecycle @~prestart: CWD: /Users/derzyklop/BitTorrent Sync/S/gutesache.pxwrk.de
9 silly lifecycle @~prestart: Args: [ '-c', 'ncu' ]
10 silly lifecycle @~prestart: Returned: code: 0  signal: null
11 info lifecycle @~start: @
12 verbose lifecycle @~start: unsafe-perm in lifecycle true
13 verbose lifecycle @~start: PATH: /usr/local/lib/node_modules/npm/bin/node-gyp-bin:/Users/derzyklop/BitTorrent Sync/S/gutesache.pxwrk.de/node_modules/.bin:/usr/local/Cellar/node/5.3.0/bin:/usr/local/bin:/Users/derzyklop/.dotfiles/bin:/usr/local/sbin:/usr/local/bin:/usr/bin:/bin:/usr/sbin:/sbin:/usr/local/MacGPG2/bin
14 verbose lifecycle @~start: CWD: /Users/derzyklop/BitTorrent Sync/S/gutesache.pxwrk.de
15 silly lifecycle @~start: Args: [ '-c', 'grunt' ]
16 silly lifecycle @~start: Returned: code: 3  signal: null
17 info lifecycle @~start: Failed to exec start script
18 verbose stack Error: @ start: `grunt`
18 verbose stack Exit status 3
18 verbose stack     at EventEmitter.<anonymous> (/usr/local/lib/node_modules/npm/lib/utils/lifecycle.js:239:16)
18 verbose stack     at emitTwo (events.js:87:13)
18 verbose stack     at EventEmitter.emit (events.js:172:7)
18 verbose stack     at ChildProcess.<anonymous> (/usr/local/lib/node_modules/npm/lib/utils/spawn.js:24:14)
18 verbose stack     at emitTwo (events.js:87:13)
18 verbose stack     at ChildProcess.emit (events.js:172:7)
18 verbose stack     at maybeClose (internal/child_process.js:818:16)
18 verbose stack     at Process.ChildProcess._handle.onexit (internal/child_process.js:211:5)
19 verbose pkgid @
20 verbose cwd /Users/derzyklop/BitTorrent Sync/S/gutesache.pxwrk.de
21 error Darwin 15.2.0
22 error argv "/usr/local/Cellar/node/5.3.0/bin/node" "/usr/local/bin/npm" "start"
23 error node v5.3.0
24 error npm  v3.8.3
25 error code ELIFECYCLE
26 error @ start: `grunt`
26 error Exit status 3
27 error Failed at the @ start script 'grunt'.
27 error Make sure you have the latest version of node.js and npm installed.
27 error If you do, this is most likely a problem with the  package,
27 error not with npm itself.
27 error Tell the author that this fails on your system:
27 error     grunt
27 error You can get information on how to open an issue for this project with:
27 error     npm bugs
27 error Or if that isn't available, you can get their info via:
27 error     npm owner ls
27 error There is likely additional logging output above.
28 verbose exit [ 1, true ]
